Build started 06/04/2017 11:25:48.
     1>Project "D:\src\Personal\appv\XDAppVOfflinePlugin\AppVOfflinePlugin\AppVOfflinePlugin.vcxproj" on node 3 (Build target(s)).
     1>InitializeBuildStatus:
         Creating "Release\AppVOfflinePlugin.unsuccessfulbuild" because "AlwaysCreate" was specified.
       ClCompile:
         C:\Program Files (x86)\Microsoft Visual Studio 10.0\VC\bin\CL.exe /c /I"D:\src\Personal\appv\XDAppVOfflinePlugin\\AppVOfflinePlugin\asprintf\asprintf-1.0" /I"C:\Program Files (x86)\Citrix\vsdk\VCSdk\binaries\vcsdk\layout\src\shared\inc\citrix" /I"C:\Program Files (x86)\Citrix\vsdk\VCSdk\binaries\vcsdk\layout\src\inc\windos" /I"C:\Program Files (x86)\Citrix\vsdk\VCSdk\binaries\vcsdk\layout\src\inc\win32" /I"C:\Program Files (x86)\Citrix\vsdk\VCSdk\binaries\vcsdk\layout\src\inc" /Zi /nologo /W1 /WX /O2 /Oi /Oy- /GL /D WIN32 /D NDEBUG /D _CONSOLE /D _WINDLL /D _MBCS /Gm- /EHsc /MD /GS /Gy /fp:precise /Zc:wchar_t /Zc:forScope /Fo"Release\\" /Fd"Release\vc100.pdb" /Gz /TP /analyze- /errorReport:prompt AppVOfflinePlugin.cpp
         AppVOfflinePlugin.cpp
       Link:
         C:\Program Files (x86)\Microsoft Visual Studio 10.0\VC\bin\link.exe /ERRORREPORT:PROMPT /OUT:"D:\src\Personal\appv\XDAppVOfflinePlugin\Release\AppVOfflinePlugin.dll" /INCREMENTAL:NO /NOLOGO /LIBPATH:"C:\Program Files (x86)\Citrix\vsdk\VCSdk\binaries\vcsdk\layout\binaries\lib\win32\Retail" clibdll.lib vdapi.lib kernel32.lib user32.lib gdi32.lib winspool.lib comdlg32.lib advapi32.lib shell32.lib ole32.lib oleaut32.lib uuid.lib odbc32.lib odbccp32.lib /DEF:"CTXAPPV.def" /MANIFEST /ManifestFile:"Release\AppVOfflinePlugin.dll.intermediate.manifest" /MANIFESTUAC:"level='asInvoker' uiAccess='false'" /DEBUG /PDB:"D:\src\Personal\appv\XDAppVOfflinePlugin\Release\AppVOfflinePlugin.pdb" /SUBSYSTEM:CONSOLE /OPT:REF /OPT:ICF /LTCG /TLBID:1 /DYNAMICBASE /NXCOMPAT /IMPLIB:"D:\src\Personal\appv\XDAppVOfflinePlugin\Release\AppVOfflinePlugin.lib" /MACHINE:X86 /DLL Release\AppVOfflinePlugin.obj
            Creating library D:\src\Personal\appv\XDAppVOfflinePlugin\Release\AppVOfflinePlugin.lib and object D:\src\Personal\appv\XDAppVOfflinePlugin\Release\AppVOfflinePlugin.exp
         Generating code
         Finished generating code
         AppVOfflinePlugin.vcxproj -> D:\src\Personal\appv\XDAppVOfflinePlugin\Release\AppVOfflinePlugin.dll
       Manifest:
         C:\Program Files (x86)\Microsoft SDKs\Windows\v7.0A\bin\mt.exe /nologo /verbose /outputresource:"D:\src\Personal\appv\XDAppVOfflinePlugin\Release\AppVOfflinePlugin.dll;#2" /manifest Release\AppVOfflinePlugin.dll.intermediate.manifest
       FinalizeBuildStatus:
         Deleting file "Release\AppVOfflinePlugin.unsuccessfulbuild".
         Touching "Release\AppVOfflinePlugin.lastbuildstate".
     1>Done Building Project "D:\src\Personal\appv\XDAppVOfflinePlugin\AppVOfflinePlugin\AppVOfflinePlugin.vcxproj" (Build target(s)).

Build succeeded.

Time Elapsed 00:00:00.81
